<?xml version="1.0" encoding="UTF-8"?>
<!-- Generated by org.testng.reporters.JUnitReportReporter -->
<testsuite hostname="DESKTOP-SP7DDNA" failures="0" tests="3" name="keerthanaAutomation.ErrorValidationTest" time="41.911" errors="0" timestamp="2025-03-05T11:45:27 IST" skipped="0">
  <testcase classname="keerthanaAutomation.ErrorValidationTest" name="productErrorValidation" time="19.566"/>
  <testcase classname="keerthanaAutomation.ErrorValidationTest" name="productErrorValidation" time="16.810"/>
  <testcase classname="keerthanaAutomation.ErrorValidationTest" name="errorValidation" time="5.535"/>
</testsuite> <!-- keerthanaAutomation.ErrorValidationTest -->
