<?xml version="1.0" encoding="UTF-8"?>
<!-- Generated by org.testng.reporters.JUnitReportReporter -->
<testsuite hostname="DESKTOP-SP7DDNA" failures="0" tests="1" name="cucumber.TestNGRunner" time="9.594" errors="0" timestamp="2025-03-08T14:59:40 IST" skipped="0">
  <testcase classname="cucumber.TestNGRunner" name="runScenario" time="9.594"/>
</testsuite> <!-- cucumber.TestNGRunner -->
