<?xml version="1.0" encoding="UTF-8"?>
<!-- Generated by org.testng.reporters.JUnitReportReporter -->
<testsuite hostname="DESKTOP-SP7DDNA" failures="0" tests="3" name="keerthanaAutomation.ErrorValidationTest" time="40.866" errors="0" timestamp="2025-03-06T12:25:40 IST" skipped="0">
  <testcase classname="keerthanaAutomation.ErrorValidationTest" name="productErrorValidation" time="17.711"/>
  <testcase classname="keerthanaAutomation.ErrorValidationTest" name="errorValidation" time="5.855"/>
  <testcase classname="keerthanaAutomation.ErrorValidationTest" name="productErrorValidation" time="17.300"/>
</testsuite> <!-- keerthanaAutomation.ErrorValidationTest -->
